<?xml version="1.0" encoding="UTF-8" standalone="no"?>
<testsuite failures="0" name="cucumber.runtime.formatter.JUnitFormatter" skipped="0" tests="1" time="11.566854">
<testcase classname="user login into OrangeHRM application" name="Registered user try to login into the application successfully" time="11.566854">
<system-out><![CDATA[Given user hits the application URL.........................................passed
When user enters the username "Admin" and password "admin123"...............passed
And user hits the login button..............................................passed
Then user should see the login name as expected.............................passed
]]></system-out>
</testcase>
</testsuite>
